   Compiling proc-macro2 v1.0.101
   Compiling unicode-ident v1.0.18
   Compiling libc v0.2.175
   Compiling serde v1.0.219
   Compiling cfg-if v1.0.3
   Compiling autocfg v1.5.0
   Compiling itoa v1.0.15
   Compiling pin-project-lite v0.2.16
   Compiling bytes v1.10.1
   Compiling fnv v1.0.7
   Compiling smallvec v1.15.1
   Compiling futures-core v0.3.31
   Compiling parking_lot_core v0.9.11
   Compiling once_cell v1.21.3
   Compiling scopeguard v1.2.0
   Compiling pin-utils v0.1.0
   Compiling httparse v1.10.1
   Compiling zerocopy v0.8.26
   Compiling slog v2.7.0
   Compiling ryu v1.0.20
   Compiling tracing-core v0.1.34
   Compiling crossbeam-utils v0.8.21
   Compiling lazy_static v1.5.0
   Compiling tower-service v0.3.3
   Compiling thread_local v1.1.9
   Compiling time-core v0.1.4
   Compiling thiserror v1.0.69
   Compiling lock_api v0.4.13
   Compiling num-traits v0.2.19
   Compiling tower-layer v0.3.3
   Compiling futures-task v0.3.31
   Compiling version_check v0.9.5
   Compiling http v1.3.1
   Compiling regex-syntax v0.8.6
   Compiling powerfmt v0.2.0
   Compiling quote v1.0.40
   Compiling serde_json v1.0.143
   Compiling rustversion v1.0.22
   Compiling syn v1.0.109
   Compiling syn v2.0.106
   Compiling socket2 v0.6.0
   Compiling signal-hook-registry v1.4.6
   Compiling mio v1.0.4
   Compiling parking_lot v0.12.4
   Compiling getrandom v0.2.16
   Compiling memchr v2.7.5
   Compiling num-conv v0.1.0
   Compiling rand_core v0.6.4
   Compiling http-body v1.0.1
   Compiling http-body-util v0.1.3
   Compiling time-macros v0.2.22
   Compiling multer v3.1.0
   Compiling deranged v0.4.0
   Compiling futures-util v0.3.31
   Compiling regex-automata v0.4.10
   Compiling futures-channel v0.3.31
   Compiling ppv-lite86 v0.2.21
   Compiling atomic-waker v1.1.2
   Compiling percent-encoding v2.3.2
   Compiling equivalent v1.0.2
   Compiling anyhow v1.0.99
   Compiling destructure_traitobject v0.2.0
   Compiling mime v0.3.17
   Compiling hashbrown v0.15.5
   Compiling sync_wrapper v1.0.2
   Compiling arc-swap v1.7.1
   Compiling httpdate v1.0.3
   Compiling iana-time-zone v0.1.63
   Compiling rand_chacha v0.3.1
   Compiling unsafe-any-ors v1.0.0
   Compiling form_urlencoded v1.2.2
   Compiling crossbeam-channel v0.5.15
   Compiling time v0.3.41
   Compiling ordered-float v2.10.1
   Compiling sharded-slab v0.1.7
   Compiling indexmap v2.11.0
   Compiling encoding_rs v0.8.35
   Compiling nu-ansi-term v0.50.1
   Compiling slog-async v2.8.0
   Compiling spin v0.9.8
   Compiling unsafe-libyaml v0.2.11
   Compiling rand v0.8.5
   Compiling typemap-ors v1.0.0
   Compiling slog-scope v4.4.0
   Compiling matchers v0.2.0
   Compiling thread-id v4.2.2
   Compiling is-terminal v0.4.16
   Compiling term v1.1.0
   Compiling matchit v0.8.4
   Compiling bitflags v2.9.3
   Compiling log-mdc v0.1.0
   Compiling take_mut v0.2.2
   Compiling humantime v2.2.0
   Compiling tower-http v0.6.6
   Compiling derivative v2.2.0
   Compiling serde_derive v1.0.219
   Compiling tracing-attributes v0.1.30
   Compiling tokio-macros v2.5.0
   Compiling thiserror-impl v1.0.69
   Compiling tokio v1.47.1
   Compiling log v0.4.27
   Compiling chrono v0.4.41
   Compiling serde-value v0.7.0
   Compiling serde_urlencoded v0.7.1
   Compiling serde_path_to_error v0.1.17
   Compiling serde_yaml v0.9.34+deprecated
   Compiling tracing v0.1.41
   Compiling tracing-log v0.2.0
   Compiling slog-stdlog v4.1.1
   Compiling hyper v1.7.0
   Compiling axum-core v0.5.2
   Compiling tracing-subscriber v0.3.20
   Compiling tower v0.5.2
   Compiling hyper-util v0.1.16
   Compiling log4rs v1.3.0
   Compiling slog-term v2.9.2
   Compiling axum v0.8.4
   Compiling tracing-appender v0.2.3
   Compiling axum-crud-demo v0.1.0 (/home/mos/drive_0/workspace/rust/axum-crud-demo)
    Finished `release` profile [optimized] target(s) in 36.96s
